2023-02-21 09:40:33 DEBUG TelegramBot:73 - Добавить блюдо
2023-02-21 09:43:34 DEBUG TelegramBot:73 - /start
2023-02-21 09:44:24 DEBUG TelegramBot:73 - /start
2023-02-21 09:46:27 DEBUG TelegramBot:73 - /start
2023-02-21 09:46:37 DEBUG TelegramBot:73 - /start
2023-02-21 09:46:40 DEBUG TelegramBot:73 - хм странно
2023-02-21 09:47:16 DEBUG TelegramBot:73 - /start
2023-02-21 09:47:58 DEBUG TelegramBot:73 - /start
2023-02-21 09:48:09 DEBUG TelegramBot:73 - Добавить блюдо
2023-02-21 09:48:18 DEBUG TelegramBot:73 - Обновить таймеры
2023-02-21 09:48:21 DEBUG TelegramBot:73 - Получить статистику за неделю
2023-02-21 09:55:26 DEBUG TelegramBot:73 - /start
2023-02-21 09:59:47 DEBUG TelegramBot:73 - /start
2023-02-21 09:59:49 DEBUG TelegramBot:73 - Добавить блюдо
2023-02-21 10:03:16 DEBUG TelegramBot:73 - Добавить блюдо
2023-02-21 10:03:20 DEBUG TelegramBot:73 - Добавить блюдо
2023-02-21 10:13:49 DEBUG TelegramBot:73 - Обновить таймеры
2023-02-21 10:22:29 DEBUG TelegramBot:75 - /start
2023-02-21 10:22:31 DEBUG TelegramBot:75 - Добавить блюдо
2023-02-21 10:22:35 DEBUG TelegramBot:75 - Добавить блюдо
2023-02-21 10:22:39 DEBUG TelegramBot:75 - Добавить блюдо
2023-02-21 17:53:42 DEBUG TelegramBot:75 - Добавить блюдо
2023-02-21 17:55:16 DEBUG TelegramBot:75 - /start
2023-02-21 17:55:33 DEBUG TelegramBot:75 - Добавить блюдо
2023-02-21 17:55:45 DEBUG TelegramBot:75 - Добавить блюдо
2023-02-21 17:56:13 DEBUG TelegramBot:75 - Добавить блюдо
2023-02-21 17:56:18 DEBUG TelegramBot:75 - Добавить блюдо
2023-02-21 17:59:05 DEBUG TelegramBot:75 - Привет
2023-02-22 13:04:41 DEBUG TelegramBot:75 - /start
2023-02-22 13:06:47 DEBUG TelegramBot:75 - Добавить блюдо
2023-02-22 13:06:52 DEBUG TelegramBot:75 - Добавить блюдо
2023-02-22 13:06:54 DEBUG TelegramBot:75 - Добавить блюдо
2023-02-25 03:12:56 DEBUG TelegramBot:81 - /start
2023-02-25 03:12:58 DEBUG TelegramBot:81 - Добавить блюдо
2023-02-25 03:13:06 DEBUG TelegramBot:81 - Добавить блюдо
2023-02-25 03:13:08 DEBUG TelegramBot:81 - Добавить блюдо
2023-02-25 03:17:27 DEBUG TelegramBot:81 - Добавить блюдо
2023-02-25 03:17:29 DEBUG TelegramBot:81 - Добавить блюдо
2023-02-25 03:17:30 DEBUG TelegramBot:81 - Добавить блюдо
2023-02-25 03:17:32 DEBUG TelegramBot:194 - null/start
2023-02-25 03:20:56 DEBUG TelegramBot:83 - Добавить блюдо
2023-02-25 03:20:57 DEBUG TelegramBot:83 - Добавить блюдо
2023-02-25 03:20:58 DEBUG TelegramBot:83 - Добавить блюдо
2023-02-25 03:21:00 DEBUG TelegramBot:196 - http://localhost:8091/timer//start
2023-02-25 03:42:14 DEBUG TelegramBot:83 - Добавить блюдо
2023-02-25 03:42:16 DEBUG TelegramBot:83 - Добавить блюдо
2023-02-25 03:42:18 DEBUG TelegramBot:83 - Добавить блюдо
2023-02-25 03:42:20 DEBUG TelegramBot:191 - http://localhost:8091/timer/start
2023-02-25 03:42:22 DEBUG TelegramBot:227 - http://localhost:8091/timer/start
2023-02-25 03:42:23 DEBUG TelegramBot:265 - http://localhost:8091/timer/start
2023-02-25 03:42:34 DEBUG TelegramBot:180 - 00:00:13
2023-02-25 03:42:38 DEBUG TelegramBot:215 - 00:00:15
2023-02-25 03:42:42 DEBUG TelegramBot:253 - 00:00:19
2023-02-25 03:59:31 DEBUG TelegramBot:80 - Добавить блюдо
2023-02-25 03:59:33 DEBUG TelegramBot:80 - Добавить блюдо
2023-02-25 03:59:35 DEBUG TelegramBot:80 - Добавить блюдо
2023-02-25 03:59:36 DEBUG TelegramBot:223 - http://localhost:8091/timer/start
2023-02-25 04:00:12 DEBUG TelegramBot:80 - /start
2023-02-25 04:00:15 DEBUG TelegramBot:80 - Добавить блюдо
2023-02-25 04:00:17 DEBUG TelegramBot:80 - Добавить блюдо
2023-02-25 04:00:18 DEBUG TelegramBot:80 - Добавить блюдо
2023-02-25 04:00:20 DEBUG TelegramBot:223 - http://localhost:8091/timer/start
2023-02-25 04:00:22 DEBUG TelegramBot:259 - http://localhost:8091/timer/start
2023-02-25 04:00:23 DEBUG TelegramBot:297 - http://localhost:8091/timer/start
2023-02-25 04:00:25 DEBUG TelegramBot:80 - Обновить таймеры
2023-02-25 04:00:25 DEBUG TelegramBot:115 - http://localhost:8091/timer/activeTimers
2023-02-25 04:00:43 DEBUG TelegramBot:80 - Обновить таймеры
2023-02-25 04:00:43 DEBUG TelegramBot:115 - http://localhost:8091/timer/activeTimers
2023-02-25 04:01:32 DEBUG TelegramBot:80 - Добавить блюдо
2023-02-25 04:01:34 DEBUG TelegramBot:80 - Добавить блюдо
2023-02-25 04:01:35 DEBUG TelegramBot:80 - Добавить блюдо
2023-02-25 04:01:38 DEBUG TelegramBot:80 - Обновить таймеры
2023-02-25 04:01:38 DEBUG TelegramBot:115 - http://localhost:8091/timer/activeTimers
2023-02-25 04:01:38 DEBUG TelegramBot:127 - http://localhost:8091/timer/resetAll
2023-02-25 04:01:48 DEBUG TelegramBot:223 - http://localhost:8091/timer/start
2023-02-25 04:01:49 DEBUG TelegramBot:259 - http://localhost:8091/timer/start
2023-02-25 04:01:49 DEBUG TelegramBot:297 - http://localhost:8091/timer/start
2023-02-25 04:01:50 DEBUG TelegramBot:80 - Обновить таймеры
2023-02-25 04:01:50 DEBUG TelegramBot:115 - http://localhost:8091/timer/activeTimers
2023-02-25 04:01:50 DEBUG TelegramBot:127 - http://localhost:8091/timer/resetAll
2023-02-25 04:01:54 DEBUG TelegramBot:223 - http://localhost:8091/timer/start
2023-02-25 04:01:56 DEBUG TelegramBot:259 - http://localhost:8091/timer/start
2023-02-25 04:01:57 DEBUG TelegramBot:297 - http://localhost:8091/timer/start
2023-02-25 04:01:59 DEBUG TelegramBot:80 - Обновить таймеры
2023-02-25 04:01:59 DEBUG TelegramBot:115 - http://localhost:8091/timer/activeTimers
2023-02-25 04:01:59 DEBUG TelegramBot:127 - http://localhost:8091/timer/resetAll
2023-02-25 04:02:25 DEBUG TelegramBot:80 - /start
2023-02-25 04:02:47 DEBUG TelegramBot:223 - http://localhost:8091/timer/start
2023-02-25 04:02:50 DEBUG TelegramBot:259 - http://localhost:8091/timer/start
2023-02-25 04:02:51 DEBUG TelegramBot:297 - http://localhost:8091/timer/start
2023-02-25 04:04:01 DEBUG TelegramBot:80 - /start
2023-02-25 04:04:02 DEBUG TelegramBot:80 - Обновить таймеры
2023-02-25 04:04:02 DEBUG TelegramBot:115 - http://localhost:8091/timer/activeTimers
2023-02-25 04:04:14 DEBUG TelegramBot:80 - Добавить блюдо
2023-02-25 04:04:17 DEBUG TelegramBot:223 - http://localhost:8091/timer/start
2023-02-25 04:04:23 DEBUG TelegramBot:80 - Обновить таймеры
2023-02-25 04:04:23 DEBUG TelegramBot:115 - http://localhost:8091/timer/activeTimers
2023-02-25 04:04:23 DEBUG TelegramBot:127 - http://localhost:8091/timer/resetAll
2023-02-25 04:04:29 DEBUG TelegramBot:223 - http://localhost:8091/timer/start
2023-02-25 04:04:30 DEBUG TelegramBot:212 - 00:00:01
2023-02-25 04:27:52 DEBUG TelegramBot:77 - /start
2023-02-25 04:27:54 DEBUG TelegramBot:77 - Обновить таймеры
2023-02-25 04:27:54 DEBUG TelegramBot:112 - http://localhost:8091/timer/activeTimers
2023-02-25 04:27:58 DEBUG TelegramBot:77 - Добавить блюдо
2023-02-25 04:28:01 DEBUG TelegramBot:77 - Обновить таймеры
2023-02-25 04:28:01 DEBUG TelegramBot:112 - http://localhost:8091/timer/activeTimers
2023-02-25 04:28:20 DEBUG TelegramBot:77 - Обновить таймеры
2023-02-25 04:28:20 DEBUG TelegramBot:112 - http://localhost:8091/timer/activeTimers
2023-02-25 04:29:27 DEBUG TelegramBot:240 - http://localhost:8091/timer/start
2023-02-25 04:29:29 DEBUG TelegramBot:229 - 00:00:02
2023-02-25 04:29:31 DEBUG TelegramBot:240 - http://localhost:8091/timer/start
2023-02-25 04:29:34 DEBUG TelegramBot:77 - Обновить таймеры
2023-02-25 04:29:34 DEBUG TelegramBot:112 - http://localhost:8091/timer/activeTimers
2023-02-25 04:29:34 DEBUG TelegramBot:124 - http://localhost:8091/timer/resetAll
2023-02-25 04:30:11 DEBUG TelegramBot:240 - http://localhost:8091/timer/start
2023-02-25 04:30:17 DEBUG TelegramBot:229 - 00:00:05
2023-02-25 04:30:18 DEBUG TelegramBot:240 - http://localhost:8091/timer/start
2023-02-25 04:30:25 DEBUG TelegramBot:77 - Обновить таймеры
2023-02-25 04:30:25 DEBUG TelegramBot:112 - http://localhost:8091/timer/activeTimers
2023-02-25 04:30:25 DEBUG TelegramBot:124 - http://localhost:8091/timer/resetAll
2023-02-25 04:31:19 DEBUG TelegramBot:77 - Добавить блюдо
2023-02-25 04:31:22 DEBUG TelegramBot:242 - http://localhost:8091/timer/start
2023-02-25 04:31:23 DEBUG TelegramBot:77 - Обновить таймеры
2023-02-25 04:31:23 DEBUG TelegramBot:112 - http://localhost:8091/timer/activeTimers
2023-02-25 04:31:23 DEBUG TelegramBot:124 - http://localhost:8091/timer/resetAll
2023-02-25 04:31:28 DEBUG TelegramBot:242 - http://localhost:8091/timer/start
2023-02-25 04:31:30 DEBUG TelegramBot:77 - Обновить таймеры
2023-02-25 04:31:30 DEBUG TelegramBot:112 - http://localhost:8091/timer/activeTimers
2023-02-25 04:31:30 DEBUG TelegramBot:124 - http://localhost:8091/timer/resetAll
2023-02-25 04:31:31 DEBUG TelegramBot:77 - Обновить таймеры
2023-02-25 04:31:31 DEBUG TelegramBot:112 - http://localhost:8091/timer/activeTimers
2023-02-25 04:31:36 DEBUG TelegramBot:242 - http://localhost:8091/timer/start
2023-02-25 04:31:42 DEBUG TelegramBot:77 - Обновить таймеры
2023-02-25 04:31:42 DEBUG TelegramBot:112 - http://localhost:8091/timer/activeTimers
2023-02-25 04:31:42 DEBUG TelegramBot:124 - http://localhost:8091/timer/resetAll
2023-02-25 04:31:46 DEBUG TelegramBot:77 - Добавить блюдо
2023-02-25 04:31:52 DEBUG TelegramBot:77 - Обновить таймеры
2023-02-25 04:31:52 DEBUG TelegramBot:112 - http://localhost:8091/timer/activeTimers
2023-02-25 04:32:17 DEBUG TelegramBot:278 - http://localhost:8091/timer/start
2023-02-25 04:32:18 DEBUG TelegramBot:316 - http://localhost:8091/timer/start
2023-02-25 04:32:26 DEBUG TelegramBot:77 - Обновить таймеры
2023-02-25 04:32:26 DEBUG TelegramBot:112 - http://localhost:8091/timer/activeTimers
2023-02-25 04:32:26 DEBUG TelegramBot:124 - http://localhost:8091/timer/resetAll
2023-02-25 04:32:57 DEBUG TelegramBot:77 - Добавить блюдо
2023-02-25 04:33:02 DEBUG TelegramBot:77 - Обновить таймеры
2023-02-25 04:33:02 DEBUG TelegramBot:112 - http://localhost:8091/timer/activeTimers
2023-02-25 04:35:03 DEBUG TelegramBot:77 - Добавить блюдо
2023-02-25 04:35:07 DEBUG TelegramBot:77 - Обновить таймеры
2023-02-25 04:35:07 DEBUG TelegramBot:112 - http://localhost:8091/timer/activeTimers
2023-02-25 04:36:38 DEBUG TelegramBot:77 - Добавить блюдо
2023-02-25 04:36:53 DEBUG TelegramBot:278 - http://localhost:8091/timer/start
2023-02-25 04:36:55 DEBUG TelegramBot:242 - http://localhost:8091/timer/start
2023-02-25 04:36:56 DEBUG TelegramBot:77 - Обновить таймеры
2023-02-25 04:36:56 DEBUG TelegramBot:112 - http://localhost:8091/timer/activeTimers
2023-02-25 04:36:56 DEBUG TelegramBot:124 - http://localhost:8091/timer/resetAll
2023-02-25 04:37:01 DEBUG TelegramBot:242 - http://localhost:8091/timer/start
2023-02-25 04:37:05 DEBUG TelegramBot:231 - 00:00:03
2023-02-25 04:37:07 DEBUG TelegramBot:278 - http://localhost:8091/timer/start
2023-02-25 04:37:12 DEBUG TelegramBot:266 - 00:00:05
2023-02-25 04:37:15 DEBUG TelegramBot:77 - Обновить таймеры
2023-02-25 04:37:15 DEBUG TelegramBot:112 - http://localhost:8091/timer/activeTimers
2023-02-25 04:39:13 DEBUG TelegramBot:77 - Добавить блюдо
2023-02-25 04:39:19 DEBUG TelegramBot:77 - Обновить таймеры
2023-02-25 04:39:19 DEBUG TelegramBot:112 - http://localhost:8091/timer/activeTimers
2023-02-25 04:39:31 DEBUG TelegramBot:77 - Добавить блюдо
2023-02-25 04:39:34 DEBUG TelegramBot:248 - http://localhost:8091/timer/start
2023-02-25 04:39:36 DEBUG TelegramBot:77 - Обновить таймеры
2023-02-25 04:39:36 DEBUG TelegramBot:112 - http://localhost:8091/timer/activeTimers
2023-02-25 04:39:36 DEBUG TelegramBot:124 - http://localhost:8091/timer/resetAll
2023-02-25 04:39:47 DEBUG TelegramBot:248 - http://localhost:8091/timer/start
2023-02-25 04:39:49 DEBUG TelegramBot:237 - 00:00:01
2023-02-25 04:39:51 DEBUG TelegramBot:77 - Добавить блюдо
2023-02-25 04:39:55 DEBUG TelegramBot:77 - Обновить таймеры
2023-02-25 04:39:55 DEBUG TelegramBot:112 - http://localhost:8091/timer/activeTimers
2023-02-25 04:41:16 DEBUG TelegramBot:77 - Обновить таймеры
2023-02-25 04:41:16 DEBUG TelegramBot:112 - http://localhost:8091/timer/activeTimers
2023-02-25 04:41:22 DEBUG TelegramBot:77 - Добавить блюдо
2023-02-25 04:41:25 DEBUG TelegramBot:77 - Обновить таймеры
2023-02-25 04:41:25 DEBUG TelegramBot:112 - http://localhost:8091/timer/activeTimers
2023-02-25 04:41:29 DEBUG TelegramBot:242 - http://localhost:8091/timer/start
2023-02-25 04:41:34 DEBUG TelegramBot:231 - 00:00:05
2023-02-25 04:41:36 DEBUG TelegramBot:77 - Добавить блюдо
2023-02-25 04:41:41 DEBUG TelegramBot:77 - Обновить таймеры
2023-02-25 04:41:41 DEBUG TelegramBot:112 - http://localhost:8091/timer/activeTimers
2023-02-25 04:41:47 DEBUG TelegramBot:77 - Обновить таймеры
2023-02-25 04:41:47 DEBUG TelegramBot:112 - http://localhost:8091/timer/activeTimers
2023-02-25 04:41:52 DEBUG TelegramBot:242 - http://localhost:8091/timer/start
2023-02-25 04:41:57 DEBUG TelegramBot:77 - Обновить таймеры
2023-02-25 04:41:57 DEBUG TelegramBot:112 - http://localhost:8091/timer/activeTimers
2023-02-25 04:41:57 DEBUG TelegramBot:124 - http://localhost:8091/timer/resetAll
2023-02-25 04:42:06 DEBUG TelegramBot:77 - Добавить блюдо
2023-02-25 04:42:11 DEBUG TelegramBot:77 - Обновить таймеры
2023-02-25 04:42:11 DEBUG TelegramBot:112 - http://localhost:8091/timer/activeTimers
2023-02-25 04:42:13 DEBUG TelegramBot:242 - http://localhost:8091/timer/start
2023-02-25 04:42:14 DEBUG TelegramBot:278 - http://localhost:8091/timer/start
2023-02-25 04:42:18 DEBUG TelegramBot:316 - http://localhost:8091/timer/start
2023-02-25 04:42:22 DEBUG TelegramBot:77 - Обновить таймеры
2023-02-25 04:42:22 DEBUG TelegramBot:112 - http://localhost:8091/timer/activeTimers
2023-02-25 04:42:22 DEBUG TelegramBot:124 - http://localhost:8091/timer/resetAll
2023-02-25 04:49:20 DEBUG TelegramBot:77 - Обновить таймеры
2023-02-25 04:49:20 DEBUG TelegramBot:112 - http://localhost:8091/timer/activeTimers
2023-02-25 04:49:25 DEBUG TelegramBot:278 - http://localhost:8091/timer/start
2023-02-25 04:49:26 DEBUG TelegramBot:77 - Обновить таймеры
2023-02-25 04:49:26 DEBUG TelegramBot:112 - http://localhost:8091/timer/activeTimers
2023-02-25 04:49:26 DEBUG TelegramBot:124 - http://localhost:8091/timer/resetAll
2023-02-25 04:52:27 DEBUG TelegramBot:77 - Добавить блюдо
2023-02-25 20:59:48 DEBUG TelegramBot:82 - /start
2023-02-25 20:59:53 DEBUG TelegramBot:82 - Добавить блюдо
2023-02-25 20:59:56 DEBUG TelegramBot:276 - http://localhost:8091/timer/start
2023-02-25 21:00:00 DEBUG TelegramBot:265 - 01 00:00:03
2023-02-25 21:04:30 DEBUG TelegramBot:82 - /start
2023-02-25 21:06:44 DEBUG TelegramBot:82 - Добавить блюдо
2023-02-25 21:06:47 DEBUG TelegramBot:82 - Добавить блюдо
2023-02-25 21:06:49 DEBUG TelegramBot:82 - Добавить блюдо
2023-02-25 21:06:51 DEBUG TelegramBot:276 - http://localhost:8091/timer/start
2023-02-25 21:06:53 DEBUG TelegramBot:312 - http://localhost:8091/timer/start
2023-02-25 21:06:55 DEBUG TelegramBot:265 - 01 00:00:03
2023-02-25 21:08:49 DEBUG TelegramBot:82 - /start
2023-02-25 21:16:03 DEBUG TelegramBot:82 - /start
2023-02-25 21:16:04 DEBUG TelegramBot:82 - Добавить блюдо
2023-02-25 21:16:06 DEBUG TelegramBot:276 - http://localhost:8091/timer/start
2023-02-25 21:16:10 DEBUG TelegramBot:265 - 01 00:00:03
2023-02-25 21:24:30 DEBUG TelegramBot:82 - /start
2023-02-25 21:24:31 DEBUG TelegramBot:82 - Добавить блюдо
2023-02-25 21:24:34 DEBUG TelegramBot:276 - http://localhost:8091/timer/start
2023-02-25 21:24:35 DEBUG TelegramBot:265 - 01 00:00:01
2023-02-25 21:24:56 DEBUG TelegramBot:82 - Добавить блюдо
2023-02-25 21:24:58 DEBUG TelegramBot:82 - Добавить блюдо
2023-02-25 21:25:00 DEBUG TelegramBot:312 - http://localhost:8091/timer/start
2023-02-25 21:25:01 DEBUG TelegramBot:350 - http://localhost:8091/timer/start
2023-02-25 21:25:02 DEBUG TelegramBot:276 - http://localhost:8091/timer/start
2023-02-25 21:25:17 DEBUG TelegramBot:338 - 01 00:00:15
2023-02-25 21:25:28 DEBUG TelegramBot:300 - 01 00:00:27
2023-02-25 21:25:35 DEBUG TelegramBot:265 - 01 00:00:33
2023-02-25 21:25:39 DEBUG TelegramBot:82 - Получить статистику за неделю
2023-02-25 21:25:39 DEBUG TelegramBot:178 - http://localhost:8092/arch/report
2023-02-25 21:35:13 DEBUG TelegramBot:85 - /start
2023-02-25 21:35:14 DEBUG TelegramBot:85 - Добавить блюдо
2023-02-25 21:35:16 DEBUG TelegramBot:284 - http://localhost:8091/timer/start
2023-02-25 21:35:20 DEBUG TelegramBot:273 - 01 00:00:04
2023-02-25 21:35:22 DEBUG TelegramBot:85 - Добавить блюдо
2023-02-25 21:35:24 DEBUG TelegramBot:85 - Добавить блюдо
2023-02-25 21:35:26 DEBUG TelegramBot:320 - http://localhost:8091/timer/start
2023-02-25 21:35:27 DEBUG TelegramBot:358 - http://localhost:8091/timer/start
2023-02-25 21:35:29 DEBUG TelegramBot:308 - 01 00:00:03
2023-02-25 21:35:30 DEBUG TelegramBot:346 - 01 00:00:03
2023-02-25 21:35:32 DEBUG TelegramBot:85 - Получить статистику за неделю
2023-02-25 21:35:32 DEBUG TelegramBot:182 - http://localhost:8092/arch/report
2023-02-25 21:38:47 DEBUG TelegramBot:85 - Добавить блюдо
2023-02-25 21:38:49 DEBUG TelegramBot:285 - http://localhost:8091/timer/start
2023-02-25 21:38:51 DEBUG TelegramBot:85 - Добавить блюдо
2023-02-25 21:38:52 DEBUG TelegramBot:85 - Добавить блюдо
2023-02-25 21:38:54 DEBUG TelegramBot:321 - http://localhost:8091/timer/start
2023-02-25 21:38:55 DEBUG TelegramBot:359 - http://localhost:8091/timer/start
2023-02-25 21:38:59 DEBUG TelegramBot:274 - 01 00:00:09
2023-02-25 21:39:01 DEBUG TelegramBot:309 - 01 00:00:06
2023-02-25 21:39:02 DEBUG TelegramBot:347 - 01 00:00:07
2023-02-25 21:39:04 DEBUG TelegramBot:85 - Получить статистику за неделю
2023-02-25 21:39:04 DEBUG TelegramBot:182 - http://localhost:8092/arch/report
2023-02-25 21:39:04 DEBUG TelegramBot:184 - []
2023-02-25 21:41:22 DEBUG TelegramBot:85 - Получить статистику за неделю
2023-02-25 21:41:22 DEBUG TelegramBot:182 - http://localhost:8092/arch/report
2023-02-25 21:41:22 DEBUG TelegramBot:184 - []
2023-02-25 21:43:45 DEBUG TelegramBot:85 - Получить статистику за неделю
2023-02-25 21:43:45 DEBUG TelegramBot:182 - http://localhost:8092/arch/report
2023-02-25 21:44:38 DEBUG TelegramBot:285 - http://localhost:8091/timer/start
2023-02-25 21:44:38 DEBUG TelegramBot:321 - http://localhost:8091/timer/start
2023-02-25 21:44:39 DEBUG TelegramBot:359 - http://localhost:8091/timer/start
2023-02-25 21:44:40 DEBUG TelegramBot:309 - 01 00:00:01
2023-02-25 21:44:42 DEBUG TelegramBot:274 - 01 00:00:03
2023-02-25 21:44:43 DEBUG TelegramBot:347 - 01 00:00:03
2023-02-25 21:44:44 DEBUG TelegramBot:359 - http://localhost:8091/timer/start
2023-02-25 21:49:21 DEBUG TelegramBot:85 - Добавить блюдо
2023-02-25 21:49:24 DEBUG TelegramBot:285 - http://localhost:8091/timer/start
2023-02-25 21:49:26 DEBUG TelegramBot:321 - http://localhost:8091/timer/start
2023-02-25 21:49:27 DEBUG TelegramBot:359 - http://localhost:8091/timer/start
2023-02-25 21:49:32 DEBUG TelegramBot:85 - Получить статистику за неделю
2023-02-25 21:49:32 DEBUG TelegramBot:182 - http://localhost:8092/arch/report
2023-02-25 21:50:22 DEBUG TelegramBot:285 - http://localhost:8091/timer/start
2023-02-25 21:50:23 DEBUG TelegramBot:321 - http://localhost:8091/timer/start
2023-02-25 21:50:24 DEBUG TelegramBot:359 - http://localhost:8091/timer/start
2023-02-25 21:50:29 DEBUG TelegramBot:274 - 01 00:00:06
2023-02-25 21:50:30 DEBUG TelegramBot:309 - 01 00:00:06
2023-02-25 21:50:32 DEBUG TelegramBot:347 - 01 00:00:08
2023-02-25 21:50:34 DEBUG TelegramBot:85 - Получить статистику за неделю
2023-02-25 21:50:34 DEBUG TelegramBot:182 - http://localhost:8092/arch/report
2023-02-25 22:12:18 DEBUG TelegramBot:85 - /start
2023-02-25 22:12:19 DEBUG TelegramBot:85 - Добавить блюдо
2023-02-25 22:12:20 DEBUG TelegramBot:85 - Добавить блюдо
2023-02-25 22:12:21 DEBUG TelegramBot:85 - Добавить блюдо
2023-02-25 22:12:24 DEBUG TelegramBot:285 - http://localhost:8091/timer/start
2023-02-25 22:12:24 DEBUG TelegramBot:321 - http://localhost:8091/timer/start
2023-02-25 22:12:26 DEBUG TelegramBot:359 - http://localhost:8091/timer/start
2023-02-25 22:12:28 DEBUG TelegramBot:309 - 01 00:00:03
2023-02-25 22:12:34 DEBUG TelegramBot:347 - 01 00:00:08
2023-02-25 22:12:35 DEBUG TelegramBot:274 - 01 00:00:10
2023-02-25 22:12:36 DEBUG TelegramBot:85 - Получить статистику за неделю
2023-02-25 22:12:36 DEBUG TelegramBot:182 - http://localhost:8092/arch/report
2023-02-25 22:12:36 DEBUG TelegramBot:184 - [{typeObject=STAKE, countTimer=1, totalTime=01 00:00:08}, {typeObject=cake, countTimer=4, totalTime=06 16:48:12}, {typeObject=DUMPLINGS, countTimer=1, totalTime=01 00:00:10}, {typeObject=dumpling, countTimer=4, totalTime=06 16:48:12}, {typeObject=CAKE, countTimer=1, totalTime=01 00:00:03}, {typeObject=stake, countTimer=4, totalTime=06 16:48:12}]
2023-02-25 22:14:40 DEBUG TelegramBot:85 - Добавить блюдо
2023-02-25 22:14:42 DEBUG TelegramBot:85 - Добавить блюдо
2023-02-25 22:14:44 DEBUG TelegramBot:85 - Добавить блюдо
2023-02-25 22:14:46 DEBUG TelegramBot:285 - http://localhost:8091/timer/start
2023-02-25 22:14:47 DEBUG TelegramBot:321 - http://localhost:8091/timer/start
2023-02-25 22:14:48 DEBUG TelegramBot:359 - http://localhost:8091/timer/start
2023-02-25 22:14:56 DEBUG TelegramBot:274 - 01 00:00:09
2023-02-25 22:14:56 DEBUG TelegramBot:309 - 01 00:00:08
2023-02-25 22:14:56 DEBUG TelegramBot:347 - 01 00:00:08
2023-02-25 22:14:58 DEBUG TelegramBot:85 - Получить статистику за неделю
2023-02-25 22:14:58 DEBUG TelegramBot:182 - http://localhost:8092/arch/report
2023-02-25 22:14:58 DEBUG TelegramBot:184 - [{typeObject=STAKE, countTimer=2, totalTime=01 00:00:16}, {typeObject=cake, countTimer=4, totalTime=06 16:48:12}, {typeObject=dumpling, countTimer=4, totalTime=06 16:48:12}, {typeObject=DUMPLINGS, countTimer=2, totalTime=01 00:00:20}, {typeObject=CAKE, countTimer=2, totalTime=01 00:00:12}, {typeObject=stake, countTimer=4, totalTime=06 16:48:12}]
2023-02-25 22:16:10 DEBUG TelegramBot:85 - Добавить блюдо
2023-02-25 22:16:11 DEBUG TelegramBot:285 - http://localhost:8091/timer/start
2023-02-25 22:16:12 DEBUG TelegramBot:321 - http://localhost:8091/timer/start
2023-02-25 22:16:13 DEBUG TelegramBot:359 - http://localhost:8091/timer/start
2023-02-25 22:16:23 DEBUG TelegramBot:274 - 01 00:00:11
2023-02-25 22:16:32 DEBUG TelegramBot:347 - 01 00:00:19
2023-02-25 22:16:33 DEBUG TelegramBot:309 - 01 00:00:21
2023-02-25 22:16:35 DEBUG TelegramBot:85 - Получить статистику за неделю
2023-02-25 22:16:35 DEBUG TelegramBot:182 - http://localhost:8092/arch/report
2023-02-25 22:16:35 DEBUG TelegramBot:184 - [{typeObject=DUMPLINGS, countTimer=1, totalTime=01 00:00:11}, {typeObject=CAKE, countTimer=1, totalTime=01 00:00:21}, {typeObject=STAKE, countTimer=1, totalTime=01 00:00:19}]
2023-02-25 22:20:57 DEBUG TelegramBot:85 - Добавить блюдо
2023-02-25 22:20:59 DEBUG TelegramBot:285 - http://localhost:8091/timer/start
2023-02-25 22:21:00 DEBUG TelegramBot:274 - 01 00:00:01
2023-02-25 22:35:45 DEBUG TelegramBot:85 - Добавить блюдо
2023-02-25 22:35:46 DEBUG TelegramBot:285 - http://localhost:8091/timer/start
2023-02-25 22:35:46 DEBUG TelegramBot:321 - http://localhost:8091/timer/start
2023-02-25 22:35:47 DEBUG TelegramBot:359 - http://localhost:8091/timer/start
2023-02-25 22:35:54 DEBUG TelegramBot:274 - 01 00:00:08
2023-02-25 22:35:55 DEBUG TelegramBot:309 - 01 00:00:08
2023-02-25 22:35:56 DEBUG TelegramBot:347 - 01 00:00:08
2023-02-25 22:35:58 DEBUG TelegramBot:85 - Получить статистику за неделю
2023-02-25 22:35:58 DEBUG TelegramBot:182 - http://localhost:8092/arch/report
2023-02-25 22:35:58 DEBUG TelegramBot:184 - [{typeObject=DUMPLINGS, countTimer=1, totalTime=01 00:00:08}, {typeObject=CAKE, countTimer=1, totalTime=01 00:00:08}, {typeObject=STAKE, countTimer=1, totalTime=01 00:00:08}]
2023-02-25 22:37:30 DEBUG TelegramBot:85 - Добавить блюдо
2023-02-25 22:37:31 DEBUG TelegramBot:285 - http://localhost:8091/timer/start
2023-02-25 22:37:31 DEBUG TelegramBot:321 - http://localhost:8091/timer/start
2023-02-25 22:37:32 DEBUG TelegramBot:359 - http://localhost:8091/timer/start
2023-02-25 22:37:44 DEBUG TelegramBot:274 - 01 00:00:12
2023-02-25 22:37:48 DEBUG TelegramBot:309 - 01 00:00:16
2023-02-25 22:37:51 DEBUG TelegramBot:347 - 01 00:00:18
2023-02-25 22:37:52 DEBUG TelegramBot:85 - Получить статистику за неделю
2023-02-25 22:37:52 DEBUG TelegramBot:182 - http://localhost:8092/arch/report
2023-02-25 22:38:41 DEBUG TelegramBot:285 - http://localhost:8091/timer/start
2023-02-25 22:38:42 DEBUG TelegramBot:321 - http://localhost:8091/timer/start
2023-02-25 22:38:43 DEBUG TelegramBot:359 - http://localhost:8091/timer/start
2023-02-25 22:38:53 DEBUG TelegramBot:274 - 01 00:00:11
2023-02-25 22:38:53 DEBUG TelegramBot:309 - 01 00:00:11
2023-02-25 22:38:55 DEBUG TelegramBot:347 - 01 00:00:11
2023-02-25 22:38:57 DEBUG TelegramBot:85 - Получить статистику за неделю
2023-02-25 22:38:57 DEBUG TelegramBot:182 - http://localhost:8092/arch/report
2023-02-25 22:39:58 DEBUG TelegramBot:85 - /start
2023-02-25 22:39:59 DEBUG TelegramBot:85 - Добавить блюдо
2023-02-25 22:40:01 DEBUG TelegramBot:285 - http://localhost:8091/timer/start
2023-02-25 22:40:08 DEBUG TelegramBot:274 - 01 00:00:06
2023-02-25 22:40:10 DEBUG TelegramBot:85 - Получить статистику за неделю
2023-02-25 22:40:10 DEBUG TelegramBot:182 - http://localhost:8092/arch/report
2023-02-25 22:43:57 DEBUG TelegramBot:85 - Добавить блюдо
2023-02-25 22:44:00 DEBUG TelegramBot:85 - Добавить блюдо
2023-02-25 22:44:02 DEBUG TelegramBot:285 - http://localhost:8091/timer/start
2023-02-25 22:44:03 DEBUG TelegramBot:321 - http://localhost:8091/timer/start
2023-02-25 22:44:19 DEBUG TelegramBot:274 - 01 00:00:16
2023-02-25 22:44:20 DEBUG TelegramBot:309 - 01 00:00:17
2023-02-25 22:44:22 DEBUG TelegramBot:85 - Получить статистику за неделю
2023-02-25 22:44:22 DEBUG TelegramBot:182 - http://localhost:8092/arch/report
2023-02-25 22:44:22 DEBUG TelegramBot:184 - [{typeObject=DUMPLINGS, countTimer=1, totalTime=01 00:00:16}, {typeObject=CAKE, countTimer=1, totalTime=01 00:00:17}]
2023-02-25 22:55:37 DEBUG TelegramBot:85 - Добавить блюдо
2023-02-25 22:55:40 DEBUG TelegramBot:285 - http://localhost:8091/timer/start
2023-02-25 22:55:41 DEBUG TelegramBot:321 - http://localhost:8091/timer/start
2023-02-25 22:56:23 DEBUG TelegramBot:85 - Получить статистику за неделю
2023-02-25 22:56:23 DEBUG TelegramBot:182 - http://localhost:8092/arch/report
2023-02-25 22:56:23 DEBUG TelegramBot:184 - [{typeObject=DUMPLINGS, countTimer=1, totalTime=01 00:00:16}, {typeObject=CAKE, countTimer=1, totalTime=01 00:00:17}]
2023-02-25 23:00:41 DEBUG TelegramBot:85 - Добавить блюдо
2023-02-25 23:00:43 DEBUG TelegramBot:321 - http://localhost:8091/timer/start
2023-02-25 23:00:44 DEBUG TelegramBot:285 - http://localhost:8091/timer/start
2023-02-25 23:00:51 DEBUG TelegramBot:274 - 0 часов, 0 минут, 7 секунд
2023-02-25 23:01:03 DEBUG TelegramBot:309 - 0 часов, 0 минут, 19 секунд
2023-02-25 23:01:05 DEBUG TelegramBot:85 - Получить статистику за неделю
2023-02-25 23:01:05 DEBUG TelegramBot:182 - http://localhost:8092/arch/report
2023-02-25 23:01:05 DEBUG TelegramBot:184 - [{typeObject=DUMPLINGS, countTimer=2, totalTime=01 00:00:24}, {typeObject=CAKE, countTimer=2, totalTime=01 00:00:37}]
2023-02-25 23:03:03 DEBUG TelegramBot:85 - Добавить блюдо
2023-02-25 23:03:06 DEBUG TelegramBot:321 - http://localhost:8091/timer/start
2023-02-25 23:03:07 DEBUG TelegramBot:285 - http://localhost:8091/timer/start
2023-02-25 23:03:30 DEBUG TelegramBot:274 - 0 часов, 0 минут, 22 секунд
2023-02-25 23:03:36 DEBUG TelegramBot:309 - 0 часов, 0 минут, 30 секунд
2023-02-25 23:03:38 DEBUG TelegramBot:85 - Получить статистику за неделю
2023-02-25 23:03:38 DEBUG TelegramBot:182 - http://localhost:8092/arch/report
2023-02-25 23:03:38 DEBUG TelegramBot:184 - [{typeObject=DUMPLINGS, countTimer=1, totalTime=00:00:22}, {typeObject=CAKE, countTimer=1, totalTime=00:00:30}]
2023-02-25 23:07:46 DEBUG TelegramBot:85 - Добавить блюдо
2023-02-25 23:07:49 DEBUG TelegramBot:85 - Добавить блюдо
2023-02-25 23:07:50 DEBUG TelegramBot:85 - Добавить блюдо
2023-02-25 23:08:09 DEBUG TelegramBot:281 - http://localhost:8091/timer/start
2023-02-25 23:08:11 DEBUG TelegramBot:317 - http://localhost:8091/timer/start
2023-02-25 23:08:11 DEBUG TelegramBot:355 - http://localhost:8091/timer/start
2023-02-25 23:08:53 DEBUG TelegramBot:270 - 0 часов, 0 минут, 44 секунд
2023-02-25 23:08:55 DEBUG TelegramBot:305 - 0 часов, 0 минут, 44 секунд
2023-02-25 23:08:58 DEBUG TelegramBot:343 - 0 часов, 0 минут, 46 секунд
2023-02-25 23:09:01 DEBUG TelegramBot:85 - Получить статистику за неделю
2023-02-25 23:09:01 DEBUG TelegramBot:182 - http://localhost:8092/arch/report
2023-02-25 23:09:01 DEBUG TelegramBot:184 - [{typeObject=DUMPLINGS, countTimer=1, totalTime=00:00:44}, {typeObject=CAKE, countTimer=1, totalTime=00:00:44}, {typeObject=STAKE, countTimer=1, totalTime=00:00:46}]
2023-02-25 23:10:23 DEBUG TelegramBot:85 - Добавить блюдо
2023-02-25 23:10:25 DEBUG TelegramBot:85 - Добавить блюдо
2023-02-25 23:10:26 DEBUG TelegramBot:85 - Добавить блюдо
2023-02-25 23:10:28 DEBUG TelegramBot:281 - http://localhost:8091/timer/start
2023-02-25 23:10:28 DEBUG TelegramBot:355 - http://localhost:8091/timer/start
2023-02-25 23:10:30 DEBUG TelegramBot:317 - http://localhost:8091/timer/start
2023-02-25 23:11:14 DEBUG TelegramBot:270 - 0 часов, 0 минут, 45 секунд
2023-02-25 23:11:19 DEBUG TelegramBot:305 - 0 часов, 0 минут, 48 секунд
2023-02-25 23:11:30 DEBUG TelegramBot:343 - 0 часов, 1 минут, 1 секунд
2023-02-25 23:11:33 DEBUG TelegramBot:85 - Получить статистику за неделю
2023-02-25 23:11:33 DEBUG TelegramBot:182 - http://localhost:8092/arch/report
2023-02-25 23:11:33 DEBUG TelegramBot:184 - [{typeObject=DUMPLINGS, countTimer=2, totalTime=00:01:29}, {typeObject=CAKE, countTimer=2, totalTime=00:01:33}, {typeObject=STAKE, countTimer=2, totalTime=00:01:48}]
2023-02-25 23:13:02 DEBUG TelegramBot:85 - Добавить блюдо
2023-02-25 23:13:04 DEBUG TelegramBot:85 - Добавить блюдо
2023-02-25 23:13:05 DEBUG TelegramBot:85 - Добавить блюдо
2023-02-25 23:13:07 DEBUG TelegramBot:287 - http://localhost:8091/timer/start
2023-02-25 23:13:08 DEBUG TelegramBot:323 - http://localhost:8091/timer/start
2023-02-25 23:13:08 DEBUG TelegramBot:361 - http://localhost:8091/timer/start
2023-02-25 23:13:34 DEBUG TelegramBot:276 - 0 часов, 0 минут, 26 секунд
2023-02-25 23:13:40 DEBUG TelegramBot:349 - 0 часов, 0 минут, 30 секунд
2023-02-25 23:13:43 DEBUG TelegramBot:311 - 0 часов, 0 минут, 35 секунд
2023-02-25 23:13:45 DEBUG TelegramBot:85 - Получить статистику за неделю
2023-02-25 23:13:45 DEBUG TelegramBot:182 - http://localhost:8092/arch/report
2023-02-25 23:13:45 DEBUG TelegramBot:184 - [{typeObject=DUMPLINGS, countTimer=3, totalTime=00:01:56}, {typeObject=CAKE, countTimer=3, totalTime=00:02:08}, {typeObject=STAKE, countTimer=3, totalTime=00:02:19}]
2023-02-25 23:13:53 DEBUG TelegramBot:85 - Обновить таймеры
2023-02-25 23:13:53 DEBUG TelegramBot:120 - http://localhost:8091/timer/activeTimers
2023-02-25 23:14:08 DEBUG TelegramBot:323 - http://localhost:8091/timer/start
2023-02-25 23:14:11 DEBUG TelegramBot:85 - Обновить таймеры
2023-02-25 23:14:11 DEBUG TelegramBot:120 - http://localhost:8091/timer/activeTimers
2023-02-25 23:14:11 DEBUG TelegramBot:132 - http://localhost:8091/timer/resetAll
2023-02-25 23:19:07 DEBUG TelegramBot:85 - Добавить блюдо
2023-02-25 23:19:08 DEBUG TelegramBot:287 - http://localhost:8091/timer/start
2023-02-25 23:19:09 DEBUG TelegramBot:85 - Добавить блюдо
2023-02-25 23:19:10 DEBUG TelegramBot:323 - http://localhost:8091/timer/start
2023-02-25 23:19:11 DEBUG TelegramBot:361 - http://localhost:8091/timer/start
2023-02-25 23:20:05 DEBUG TelegramBot:276 - 0 часов, 0 минут, 57 секунд
2023-02-25 23:20:19 DEBUG TelegramBot:311 - 0 часов, 1 минут, 9 секунд
2023-02-25 23:20:21 DEBUG TelegramBot:349 - 0 часов, 1 минут, 10 секунд
2023-02-25 23:20:27 DEBUG TelegramBot:85 - Получить статистику за неделю
2023-02-25 23:20:27 DEBUG TelegramBot:182 - http://localhost:8092/arch/report
2023-02-25 23:20:27 DEBUG TelegramBot:184 - [{typeObject=DUMPLINGS, countTimer=4, totalTime=00:02:53}, {typeObject=CAKE, countTimer=4, totalTime=00:03:17}, {typeObject=STAKE, countTimer=4, totalTime=00:03:30}]
2023-02-25 23:22:47 DEBUG TelegramBot:287 - http://localhost:8091/timer/start
2023-02-25 23:22:48 DEBUG TelegramBot:323 - http://localhost:8091/timer/start
2023-02-25 23:22:49 DEBUG TelegramBot:361 - http://localhost:8091/timer/start
2023-02-25 23:23:21 DEBUG TelegramBot:276 - 0 часов, 0 минут, 34 секунд
2023-02-25 23:23:22 DEBUG TelegramBot:311 - 0 часов, 0 минут, 34 секунд
2023-02-25 23:23:23 DEBUG TelegramBot:349 - 0 часов, 0 минут, 34 секунд
2023-02-25 23:23:29 DEBUG TelegramBot:85 - Получить статистику за неделю
2023-02-25 23:23:29 DEBUG TelegramBot:182 - http://localhost:8092/arch/report
2023-02-25 23:23:29 DEBUG TelegramBot:184 - [{typeObject=DUMPLINGS, countTimer=5, totalTime=00:03:28}, {typeObject=CAKE, countTimer=5, totalTime=00:03:52}, {typeObject=STAKE, countTimer=5, totalTime=00:04:04}]
2023-02-25 23:24:19 DEBUG TelegramBot:85 - /start
2023-02-25 23:24:49 DEBUG TelegramBot:85 - /start
2023-02-25 23:24:59 DEBUG TelegramBot:85 - Добавить блюдо
2023-02-25 23:25:05 DEBUG TelegramBot:323 - http://localhost:8091/timer/start
2023-02-25 23:25:07 DEBUG TelegramBot:311 - 0 часов, 0 минут, 1 секунд
2023-02-25 23:25:15 DEBUG TelegramBot:323 - http://localhost:8091/timer/start
2023-02-25 23:25:23 DEBUG TelegramBot:85 - Добавить блюдо
2023-02-25 23:25:28 DEBUG TelegramBot:361 - http://localhost:8091/timer/start
2023-02-25 23:25:35 DEBUG TelegramBot:85 - Обновить таймеры
2023-02-25 23:25:35 DEBUG TelegramBot:120 - http://localhost:8091/timer/activeTimers
2023-02-25 23:25:35 DEBUG TelegramBot:132 - http://localhost:8091/timer/resetAll
2023-02-25 23:25:38 DEBUG TelegramBot:361 - http://localhost:8091/timer/start
2023-02-25 23:25:40 DEBUG TelegramBot:349 - 0 часов, 0 минут, 2 секунд
2023-02-25 23:25:45 DEBUG TelegramBot:361 - http://localhost:8091/timer/start
2023-02-25 23:25:48 DEBUG TelegramBot:349 - 0 часов, 0 минут, 2 секунд
2023-02-25 23:25:51 DEBUG TelegramBot:323 - http://localhost:8091/timer/start
2023-02-25 23:25:55 DEBUG TelegramBot:311 - 0 часов, 0 минут, 4 секунд
2023-02-25 23:26:02 DEBUG TelegramBot:361 - http://localhost:8091/timer/start
2023-02-25 23:26:04 DEBUG TelegramBot:349 - 0 часов, 0 минут, 1 секунд
2023-02-25 23:26:09 DEBUG TelegramBot:85 - Получить статистику за неделю
2023-02-25 23:26:09 DEBUG TelegramBot:182 - http://localhost:8092/arch/report
2023-02-25 23:26:09 DEBUG TelegramBot:184 - [{typeObject=DUMPLINGS, countTimer=5, totalTime=00:03:28}, {typeObject=CAKE, countTimer=7, totalTime=00:03:57}, {typeObject=STAKE, countTimer=8, totalTime=00:04:11}]
2023-02-26 23:18:33 DEBUG TelegramBot:85 - /start
2023-02-26 23:18:35 DEBUG TelegramBot:85 - Добавить блюдо
2023-02-26 23:18:36 DEBUG TelegramBot:85 - Добавить блюдо
2023-02-26 23:18:39 DEBUG TelegramBot:287 - http://localhost:8091/timer/start
2023-02-26 23:18:40 DEBUG TelegramBot:323 - http://localhost:8091/timer/start
2023-02-26 23:18:54 DEBUG TelegramBot:276 - 0 часов, 0 минут, 15 секунд
2023-02-26 23:19:05 DEBUG TelegramBot:311 - 0 часов, 0 минут, 25 секунд
2023-02-26 23:19:11 DEBUG TelegramBot:85 - Получить статистику за неделю
2023-02-26 23:19:11 DEBUG TelegramBot:182 - http://localhost:8092/arch/report
2023-02-26 23:20:24 DEBUG TelegramBot:287 - http://localhost:8091/timer/start
2023-02-26 23:20:27 DEBUG TelegramBot:85 - Добавить блюдо
2023-02-26 23:20:29 DEBUG TelegramBot:323 - http://localhost:8091/timer/start
2023-02-26 23:20:38 DEBUG TelegramBot:276 - 0 часов, 0 минут, 14 секунд
2023-02-26 23:20:40 DEBUG TelegramBot:311 - 0 часов, 0 минут, 10 секунд
2023-02-26 23:20:41 DEBUG TelegramBot:85 - Получить статистику за неделю
2023-02-26 23:20:41 DEBUG TelegramBot:182 - http://localhost:8092/arch/report/{periodReport}
2023-02-26 23:20:41 DEBUG TelegramBot:184 - [{typeObject=DUMPLINGS, countTimer=2, totalTime=00:00:29}, {typeObject=CAKE, countTimer=2, totalTime=00:00:36}]
2023-02-27 17:27:35 DEBUG TelegramBot:94 - /start
2023-02-27 17:27:36 DEBUG TelegramBot:94 - Добавить блюдо
2023-02-27 17:27:37 DEBUG TelegramBot:94 - Добавить блюдо
2023-02-27 17:27:39 DEBUG TelegramBot:94 - Добавить блюдо
2023-02-27 17:27:41 DEBUG TelegramBot:270 - http://localhost:8091/timer/start
2023-02-27 17:27:42 DEBUG TelegramBot:306 - http://localhost:8091/timer/start
2023-02-27 17:27:42 DEBUG TelegramBot:344 - http://localhost:8091/timer/start
2023-02-27 17:28:10 DEBUG TelegramBot:259 - 0 часов, 0 минут, 28 секунд
2023-02-27 17:28:11 DEBUG TelegramBot:294 - 0 часов, 0 минут, 29 секунд
2023-02-27 17:28:14 DEBUG TelegramBot:332 - 0 часов, 0 минут, 31 секунд
2023-02-27 17:28:16 DEBUG TelegramBot:94 - Получить статистику за неделю
2023-02-27 17:28:16 DEBUG ArchivistRequestServiceWrapper:44 - http://localhost:8092/arch/report/{periodReport}
2023-02-27 17:28:16 DEBUG ArchivistRequestServiceWrapper:47 - [{typeObject=DUMPLINGS, countTimer=1, totalTime=00:00:28}, {typeObject=CAKE, countTimer=1, totalTime=00:00:29}, {typeObject=STAKE, countTimer=1, totalTime=00:00:31}]
2023-02-27 18:47:16 DEBUG TelegramBot:92 - /start
2023-02-27 18:47:18 DEBUG TelegramBot:92 - Добавить блюдо
2023-02-27 18:47:20 DEBUG TelegramBot:92 - Добавить блюдо
2023-02-27 18:47:22 DEBUG TelegramBot:92 - Добавить блюдо
2023-02-27 18:47:25 DEBUG TimerRequestServiceWrapper:59 - http://localhost:8091/timer/start
2023-02-27 18:47:25 DEBUG TimerRequestServiceWrapper:71 - TimerRequestService.startTimer, responseText = Таймер для DUMPLINGS запущен! ⏳
2023-02-27 18:47:29 DEBUG TelegramBot:275 - http://localhost:8091/timer/start
2023-02-27 18:47:36 DEBUG TimerRequestServiceWrapper:83 - http://localhost:8091/timer/start
2023-02-27 18:47:36 DEBUG TimerRequestServiceWrapper:95 - TimerRequestService.stopTimer, responseText = Таймер для DUMPLINGS отключен! ⌛ время приготовления составило: 0 часов, 0 минут, 10 секунд
2023-02-27 18:47:43 DEBUG TelegramBot:263 - 0 часов, 0 минут, 14 секунд
2023-02-27 18:47:45 DEBUG TelegramBot:313 - http://localhost:8091/timer/start
2023-02-27 18:48:10 DEBUG TelegramBot:301 - 0 часов, 0 минут, 24 секунд
2023-02-27 18:48:12 DEBUG TelegramBot:92 - Получить статистику за неделю
2023-02-27 18:48:12 DEBUG ArchivistRequestServiceWrapper:42 - http://localhost:8092/arch/report/{periodReport}
2023-02-27 18:48:12 DEBUG ArchivistRequestServiceWrapper:45 - [{typeObject=DUMPLINGS, countTimer=1, totalTime=00:00:10}, {typeObject=CAKE, countTimer=1, totalTime=00:00:14}, {typeObject=STAKE, countTimer=1, totalTime=00:00:24}]
2023-02-27 21:51:54 DEBUG TimerRequestServiceWrapper:62 - http://localhost:8091/timer/start
2023-02-27 21:51:54 DEBUG TimerRequestServiceWrapper:74 - TimerRequestService.startTimer, responseText = Таймер для DUMPLINGS запущен! ⏳
2023-02-27 21:53:16 DEBUG TimerRequestServiceWrapper:86 - http://localhost:8091/timer/start
2023-02-27 21:53:16 DEBUG TimerRequestServiceWrapper:98 - TimerRequestService.stopTimer, responseText = Таймер для DUMPLINGS отключен! ⌛ время приготовления составило: 0 часов, 1 минут, 21 секунд
2023-02-27 21:53:24 DEBUG TimerRequestServiceWrapper:62 - http://localhost:8091/timer/start
2023-02-27 21:53:24 DEBUG TimerRequestServiceWrapper:74 - TimerRequestService.startTimer, responseText = Таймер для CAKE запущен! ⏳
2023-02-27 21:53:25 DEBUG TimerRequestServiceWrapper:62 - http://localhost:8091/timer/start
2023-02-27 21:53:25 DEBUG TimerRequestServiceWrapper:74 - TimerRequestService.startTimer, responseText = Таймер для STAKE запущен! ⏳
2023-02-27 21:53:41 DEBUG TimerRequestServiceWrapper:86 - http://localhost:8091/timer/start
2023-02-27 21:53:41 DEBUG TimerRequestServiceWrapper:98 - TimerRequestService.stopTimer, responseText = Таймер для CAKE отключен! ⌛ время приготовления составило: 0 часов, 0 минут, 16 секунд
2023-02-27 21:53:46 DEBUG TimerRequestServiceWrapper:86 - http://localhost:8091/timer/start
2023-02-27 21:53:46 DEBUG TimerRequestServiceWrapper:98 - TimerRequestService.stopTimer, responseText = Таймер для STAKE отключен! ⌛ время приготовления составило: 0 часов, 0 минут, 21 секунд
2023-02-27 21:54:00 DEBUG ArchivistRequestServiceWrapper:48 - http://localhost:8092/arch/report/{periodReport}
2023-02-27 21:54:00 DEBUG ArchivistRequestServiceWrapper:51 - [{typeObject=DUMPLINGS, countTimer=1, totalTime=00:01:21}, {typeObject=CAKE, countTimer=1, totalTime=00:00:16}, {typeObject=STAKE, countTimer=1, totalTime=00:00:21}]
2023-02-27 22:19:02 DEBUG TimerRequestServiceWrapper:62 - http://localhost:8091/timer/start
2023-02-27 22:19:02 DEBUG TimerRequestServiceWrapper:74 - TimerRequestService.startTimer, responseText = Таймер для DUMPLINGS запущен! ⏳
2023-02-27 22:29:42 DEBUG TimerRequestServiceWrapper:65 - http://localhost:8091/timer/start
2023-02-27 22:29:42 DEBUG TimerRequestServiceWrapper:77 - TimerRequestService.startTimer, responseText = Таймер для  Пельменей  запущен!  ⏳ 
2023-02-27 22:29:46 DEBUG TimerRequestServiceWrapper:65 - http://localhost:8091/timer/start
2023-02-27 22:29:46 DEBUG TimerRequestServiceWrapper:77 - TimerRequestService.startTimer, responseText = Таймер для  Пирога  запущен!  ⏳ 
2023-02-27 22:29:49 DEBUG TimerRequestServiceWrapper:65 - http://localhost:8091/timer/start
2023-02-27 22:29:49 DEBUG TimerRequestServiceWrapper:77 - TimerRequestService.startTimer, responseText = Таймер для  Стейка  запущен!  ⏳ 
2023-02-27 22:29:59 DEBUG TimerRequestServiceWrapper:89 - http://localhost:8091/timer/start
2023-02-27 22:30:00 DEBUG TimerRequestServiceWrapper:101 - TimerRequestService.stopTimer, responseText = Таймер для  Пельменей  отключен! ⌛ время приготовления составило: 0 часов, 0 минут, 17 секунд
2023-02-27 22:30:07 DEBUG TimerRequestServiceWrapper:89 - http://localhost:8091/timer/start
2023-02-27 22:30:07 DEBUG TimerRequestServiceWrapper:101 - TimerRequestService.stopTimer, responseText = Таймер для  Пирога  отключен! ⌛ время приготовления составило: 0 часов, 0 минут, 21 секунд
2023-02-27 22:30:36 DEBUG TimerRequestServiceWrapper:89 - http://localhost:8091/timer/start
2023-02-27 22:30:36 DEBUG TimerRequestServiceWrapper:101 - TimerRequestService.stopTimer, responseText = Таймер для  Стейка  отключен! ⌛ время приготовления составило: 0 часов, 0 минут, 47 секунд
2023-02-27 22:30:38 DEBUG ArchivistRequestServiceWrapper:50 - http://localhost:8092/arch/report/{periodReport}
2023-02-27 22:30:39 DEBUG ArchivistRequestServiceWrapper:53 - [{typeObject=DUMPLINGS, countTimer=1, totalTime=00:00:17}, {typeObject=CAKE, countTimer=1, totalTime=00:00:21}, {typeObject=STAKE, countTimer=1, totalTime=00:00:47}]
2023-02-27 22:38:13 DEBUG TimerRequestServiceWrapper:65 - http://localhost:8091/timer/start
2023-02-27 22:38:13 DEBUG TimerRequestServiceWrapper:77 - TimerRequestService.startTimer, responseText = Таймер для  Пельменей  запущен!  ⏳ 
2023-02-27 22:38:14 DEBUG TimerRequestServiceWrapper:65 - http://localhost:8091/timer/start
2023-02-27 22:38:14 DEBUG TimerRequestServiceWrapper:77 - TimerRequestService.startTimer, responseText = Таймер для  Пирога  запущен!  ⏳ 
2023-02-27 22:38:15 DEBUG TimerRequestServiceWrapper:65 - http://localhost:8091/timer/start
2023-02-27 22:38:15 DEBUG TimerRequestServiceWrapper:77 - TimerRequestService.startTimer, responseText = Таймер для  Стейка  запущен!  ⏳ 
2023-02-27 22:38:31 DEBUG TimerRequestServiceWrapper:89 - http://localhost:8091/timer/start
2023-02-27 22:38:31 DEBUG TimerRequestServiceWrapper:101 - TimerRequestService.stopTimer, responseText = Таймер для  Пельменей  отключен! ⌛ время приготовления составило: 0 часов, 0 минут, 17 секунд
2023-02-27 22:38:37 DEBUG TimerRequestServiceWrapper:89 - http://localhost:8091/timer/start
2023-02-27 22:38:37 DEBUG TimerRequestServiceWrapper:101 - TimerRequestService.stopTimer, responseText = Таймер для  Пирога  отключен! ⌛ время приготовления составило: 0 часов, 0 минут, 22 секунд
2023-02-27 22:38:43 DEBUG TimerRequestServiceWrapper:89 - http://localhost:8091/timer/start
2023-02-27 22:38:43 DEBUG TimerRequestServiceWrapper:101 - TimerRequestService.stopTimer, responseText = Таймер для  Стейка  отключен! ⌛ время приготовления составило: 0 часов, 0 минут, 28 секунд
2023-02-27 22:38:45 DEBUG ArchivistRequestServiceWrapper:51 - http://localhost:8092/arch/report/{periodReport}
2023-02-27 22:38:45 DEBUG ArchivistRequestServiceWrapper:54 - [{typeObject=DUMPLINGS, countTimer=2, totalTime=00:00:34}, {typeObject=CAKE, countTimer=2, totalTime=00:00:43}, {typeObject=STAKE, countTimer=2, totalTime=00:01:15}]
2023-02-27 22:41:30 DEBUG TimerRequestServiceWrapper:65 - http://localhost:8091/timer/start
2023-02-27 22:41:30 DEBUG TimerRequestServiceWrapper:77 - TimerRequestService.startTimer, responseText = Таймер для  Пельменей  запущен!  ⏳ 
2023-02-27 22:41:30 DEBUG TimerRequestServiceWrapper:65 - http://localhost:8091/timer/start
2023-02-27 22:41:30 DEBUG TimerRequestServiceWrapper:77 - TimerRequestService.startTimer, responseText = Таймер для  Пирога  запущен!  ⏳ 
2023-02-27 22:41:31 DEBUG TimerRequestServiceWrapper:65 - http://localhost:8091/timer/start
2023-02-27 22:41:31 DEBUG TimerRequestServiceWrapper:77 - TimerRequestService.startTimer, responseText = Таймер для  Стейка  запущен!  ⏳ 
2023-02-27 22:41:39 DEBUG TimerRequestServiceWrapper:89 - http://localhost:8091/timer/start
2023-02-27 22:41:40 DEBUG TimerRequestServiceWrapper:101 - TimerRequestService.stopTimer, responseText = Таймер для  Пельменей  отключен! ⌛ время приготовления составило: 0 часов, 0 минут, 9 секунд
2023-02-27 22:41:42 DEBUG TimerRequestServiceWrapper:89 - http://localhost:8091/timer/start
2023-02-27 22:41:42 DEBUG TimerRequestServiceWrapper:101 - TimerRequestService.stopTimer, responseText = Таймер для  Пирога  отключен! ⌛ время приготовления составило: 0 часов, 0 минут, 11 секунд
2023-02-27 22:41:44 DEBUG TimerRequestServiceWrapper:89 - http://localhost:8091/timer/start
2023-02-27 22:41:44 DEBUG TimerRequestServiceWrapper:101 - TimerRequestService.stopTimer, responseText = Таймер для  Стейка  отключен! ⌛ время приготовления составило: 0 часов, 0 минут, 13 секунд
2023-02-27 22:41:47 DEBUG ArchivistRequestServiceWrapper:51 - http://localhost:8092/arch/report/{periodReport}
2023-02-27 22:41:47 DEBUG ArchivistRequestServiceWrapper:54 - [{typeObject= Пельмени , countTimer=1, totalTime=00:00:09}, {typeObject= Пирог , countTimer=1, totalTime=00:00:11}, {typeObject= Стейк , countTimer=1, totalTime=00:00:13}]
2023-02-27 22:42:01 DEBUG TimerRequestServiceWrapper:65 - http://localhost:8091/timer/start
2023-02-27 22:42:01 DEBUG TimerRequestServiceWrapper:77 - TimerRequestService.startTimer, responseText = Таймер для  Пельменей  запущен!  ⏳ 
2023-02-27 22:42:02 DEBUG TimerRequestServiceWrapper:65 - http://localhost:8091/timer/start
2023-02-27 22:42:02 DEBUG TimerRequestServiceWrapper:77 - TimerRequestService.startTimer, responseText = Таймер для  Пирога  запущен!  ⏳ 
2023-02-27 22:42:03 DEBUG TimerRequestServiceWrapper:65 - http://localhost:8091/timer/start
2023-02-27 22:42:03 DEBUG TimerRequestServiceWrapper:77 - TimerRequestService.startTimer, responseText = Таймер для  Стейка  запущен!  ⏳ 
2023-02-27 22:44:15 DEBUG TimerRequestServiceWrapper:65 - http://localhost:8091/timer/start
2023-02-27 22:44:15 DEBUG TimerRequestServiceWrapper:77 - TimerRequestService.startTimer, responseText = Таймер для  Пельменей  запущен!  ⏳ 
2023-02-27 22:44:16 DEBUG TimerRequestServiceWrapper:65 - http://localhost:8091/timer/start
2023-02-27 22:44:16 DEBUG TimerRequestServiceWrapper:77 - TimerRequestService.startTimer, responseText = Таймер для  Пирога  запущен!  ⏳ 
2023-02-27 22:44:17 DEBUG TimerRequestServiceWrapper:65 - http://localhost:8091/timer/start
2023-02-27 22:44:17 DEBUG TimerRequestServiceWrapper:77 - TimerRequestService.startTimer, responseText = Таймер для  Стейка  запущен!  ⏳ 
2023-02-27 22:44:19 DEBUG TimerRequestServiceWrapper:89 - http://localhost:8091/timer/start
2023-02-27 22:44:19 DEBUG TimerRequestServiceWrapper:101 - TimerRequestService.stopTimer, responseText = Таймер для  Пельменей  отключен! ⌛ время приготовления составило: 0 часов, 0 минут, 4 секунд
2023-02-27 22:44:21 DEBUG TimerRequestServiceWrapper:89 - http://localhost:8091/timer/start
2023-02-27 22:44:21 DEBUG TimerRequestServiceWrapper:101 - TimerRequestService.stopTimer, responseText = Таймер для  Пирога  отключен! ⌛ время приготовления составило: 0 часов, 0 минут, 5 секунд
2023-02-27 22:44:22 DEBUG TimerRequestServiceWrapper:89 - http://localhost:8091/timer/start
2023-02-27 22:44:22 DEBUG TimerRequestServiceWrapper:101 - TimerRequestService.stopTimer, responseText = Таймер для  Стейка  отключен! ⌛ время приготовления составило: 0 часов, 0 минут, 5 секунд
2023-02-27 22:44:25 DEBUG ArchivistRequestServiceWrapper:51 - http://localhost:8092/arch/report/{periodReport}
2023-02-27 22:44:25 DEBUG ArchivistRequestServiceWrapper:54 - [{typeObject= Пельмени , countTimer=2, totalTime=00:00:13}, {typeObject= Пирог , countTimer=2, totalTime=00:00:16}, {typeObject= Стейк , countTimer=2, totalTime=00:00:18}]
